Determining if the pthread_create exist failed with the following output:
Change Dir: /home/young/ROS/mrobot_nav_catkin_ws/build/CMakeFiles/CMakeTmp

Run Build Command:/usr/bin/make "cmTryCompileExec2968027007/fast"
/usr/bin/make -f CMakeFiles/cmTryCompileExec2968027007.dir/build.make CMakeFiles/cmTryCompileExec2968027007.dir/build
make[1]: Entering directory `/home/young/ROS/mrobot_nav_catkin_ws/build/CMakeFiles/CMakeTmp'
/usr/bin/cmake -E cmake_progress_report /home/young/ROS/mrobot_nav_catkin_ws/build/CMakeFiles/CMakeTmp/CMakeFiles 1
Building C object CMakeFiles/cmTryCompileExec2968027007.dir/CheckSymbolExists.c.o
/usr/bin/cc    -o CMakeFiles/cmTryCompileExec2968027007.dir/CheckSymbolExists.c.o   -c /home/young/ROS/mrobot_nav_catkin_ws/build/CMakeFiles/CMakeTmp/CheckSymbolExists.c
Linking C executable cmTryCompileExec2968027007
/usr/bin/cmake -E cmake_link_script CMakeFiles/cmTryCompileExec2968027007.dir/link.txt --verbose=1
/usr/bin/cc       CMakeFiles/cmTryCompileExec2968027007.dir/CheckSymbolExists.c.o  -o cmTryCompileExec2968027007 -rdynamic 
CMakeFiles/cmTryCompileExec2968027007.dir/CheckSymbolExists.c.o: In function `main':
CheckSymbolExists.c:(.text+0x16): undefined reference to `pthread_create'
collect2: error: ld returned 1 exit status
make[1]: Leaving directory `/home/young/ROS/mrobot_nav_catkin_ws/build/CMakeFiles/CMakeTmp'
make[1]: *** [cmTryCompileExec2968027007] Error 1
make: *** [cmTryCompileExec2968027007/fast] Error 2

File /home/young/ROS/mrobot_nav_catkin_ws/build/CMakeFiles/CMakeTmp/CheckSymbolExists.c:
/* */
#include <pthread.h>

int main(int argc, char** argv)
{
  (void)argv;
#ifndef pthread_create
  return ((int*)(&pthread_create))[argc];
#else
  (void)argc;
  return 0;
#endif
}

Determining if the function pthread_create exists in the pthreads failed with the following output:
Change Dir: /home/young/ROS/mrobot_nav_catkin_ws/build/CMakeFiles/CMakeTmp

Run Build Command:/usr/bin/make "cmTryCompileExec893801164/fast"
/usr/bin/make -f CMakeFiles/cmTryCompileExec893801164.dir/build.make CMakeFiles/cmTryCompileExec893801164.dir/build
make[1]: Entering directory `/home/young/ROS/mrobot_nav_catkin_ws/build/CMakeFiles/CMakeTmp'
/usr/bin/cmake -E cmake_progress_report /home/young/ROS/mrobot_nav_catkin_ws/build/CMakeFiles/CMakeTmp/CMakeFiles 1
Building C object CMakeFiles/cmTryCompileExec893801164.dir/CheckFunctionExists.c.o
/usr/bin/cc   -DCHECK_FUNCTION_EXISTS=pthread_create   -o CMakeFiles/cmTryCompileExec893801164.dir/CheckFunctionExists.c.o   -c /usr/share/cmake-2.8/Modules/CheckFunctionExists.c
Linking C executable cmTryCompileExec893801164
/usr/bin/cmake -E cmake_link_script CMakeFiles/cmTryCompileExec893801164.dir/link.txt --verbose=1
/usr/bin/cc   -DCHECK_FUNCTION_EXISTS=pthread_create    CMakeFiles/cmTryCompileExec893801164.dir/CheckFunctionExists.c.o  -o cmTryCompileExec893801164 -rdynamic -lpthreads 
/usr/bin/ld: cannot find -lpthreads
collect2: error: ld returned 1 exit status
make[1]: Leaving directory `/home/young/ROS/mrobot_nav_catkin_ws/build/CMakeFiles/CMakeTmp'
make[1]: *** [cmTryCompileExec893801164] Error 1
make: *** [cmTryCompileExec893801164/fast] Error 2


